  12 лаба.c
C:\Users\Любовь\source\repos\12 лаба\12 лаба\12 лаба.c(18,12): warning C4477: "printf": в строке форматирования "%lu" требуется аргумент типа "unsigned long", но вариативный аргумент "1" имеет тип "size_t"
      C:\Users\Любовь\source\repos\12 лаба\12 лаба\12 лаба.c(18,12):
      рекомендуется использовать "%zu" в строке форматирования
  
C:\Users\Любовь\source\repos\12 лаба\12 лаба\12 лаба.c(19,12): warning C4477: "printf": в строке форматирования "%lu" требуется аргумент типа "unsigned long", но вариативный аргумент "1" имеет тип "size_t"
      C:\Users\Любовь\source\repos\12 лаба\12 лаба\12 лаба.c(19,12):
      рекомендуется использовать "%zu" в строке форматирования
  
C:\Users\Любовь\source\repos\12 лаба\12 лаба\12 лаба.c(20,12): warning C4477: "printf": в строке форматирования "%lu" требуется аргумент типа "unsigned long", но вариативный аргумент "1" имеет тип "size_t"
      C:\Users\Любовь\source\repos\12 лаба\12 лаба\12 лаба.c(20,12):
      рекомендуется использовать "%zu" в строке форматирования
  
C:\Users\Любовь\source\repos\12 лаба\12 лаба\12 лаба.c(119,12): warning C4477: "printf": в строке форматирования "%lu" требуется аргумент типа "unsigned long", но вариативный аргумент "1" имеет тип "__int64"
      C:\Users\Любовь\source\repos\12 лаба\12 лаба\12 лаба.c(119,12):
      рекомендуется использовать "%llu" в строке форматирования
      C:\Users\Любовь\source\repos\12 лаба\12 лаба\12 лаба.c(119,12):
      рекомендуется использовать "%Iu" в строке форматирования
      C:\Users\Любовь\source\repos\12 лаба\12 лаба\12 лаба.c(119,12):
      рекомендуется использовать "%I64u" в строке форматирования
  
C:\Users\Любовь\source\repos\12 лаба\12 лаба\12 лаба.c(120,12): warning C4477: "printf": в строке форматирования "%lu" требуется аргумент типа "unsigned long", но вариативный аргумент "1" имеет тип "__int64"
      C:\Users\Любовь\source\repos\12 лаба\12 лаба\12 лаба.c(120,12):
      рекомендуется использовать "%llu" в строке форматирования
      C:\Users\Любовь\source\repos\12 лаба\12 лаба\12 лаба.c(120,12):
      рекомендуется использовать "%Iu" в строке форматирования
      C:\Users\Любовь\source\repos\12 лаба\12 лаба\12 лаба.c(120,12):
      рекомендуется использовать "%I64u" в строке форматирования
  
C:\Users\Любовь\source\repos\12 лаба\12 лаба\12 лаба.c(121,12): warning C4477: "printf": в строке форматирования "%lu" требуется аргумент типа "unsigned long", но вариативный аргумент "1" имеет тип "__int64"
      C:\Users\Любовь\source\repos\12 лаба\12 лаба\12 лаба.c(121,12):
      рекомендуется использовать "%llu" в строке форматирования
      C:\Users\Любовь\source\repos\12 лаба\12 лаба\12 лаба.c(121,12):
      рекомендуется использовать "%Iu" в строке форматирования
      C:\Users\Любовь\source\repos\12 лаба\12 лаба\12 лаба.c(121,12):
      рекомендуется использовать "%I64u" в строке форматирования
  
C:\Users\Любовь\source\repos\12 лаба\12 лаба\12 лаба.c(122,12): warning C4477: "printf": в строке форматирования "%lu" требуется аргумент типа "unsigned long", но вариативный аргумент "1" имеет тип "__int64"
      C:\Users\Любовь\source\repos\12 лаба\12 лаба\12 лаба.c(122,12):
      рекомендуется использовать "%llu" в строке форматирования
      C:\Users\Любовь\source\repos\12 лаба\12 лаба\12 лаба.c(122,12):
      рекомендуется использовать "%Iu" в строке форматирования
      C:\Users\Любовь\source\repos\12 лаба\12 лаба\12 лаба.c(122,12):
      рекомендуется использовать "%I64u" в строке форматирования
  
C:\Users\Любовь\source\repos\12 лаба\12 лаба\12 лаба.c(123,12): warning C4477: "printf": в строке форматирования "%lu" требуется аргумент типа "unsigned long", но вариативный аргумент "1" имеет тип "__int64"
      C:\Users\Любовь\source\repos\12 лаба\12 лаба\12 лаба.c(123,12):
      рекомендуется использовать "%llu" в строке форматирования
      C:\Users\Любовь\source\repos\12 лаба\12 лаба\12 лаба.c(123,12):
      рекомендуется использовать "%Iu" в строке форматирования
      C:\Users\Любовь\source\repos\12 лаба\12 лаба\12 лаба.c(123,12):
      рекомендуется использовать "%I64u" в строке форматирования
  
C:\Users\Любовь\source\repos\12 лаба\12 лаба\12 лаба.c(124,12): warning C4477: "printf": в строке форматирования "%lu" требуется аргумент типа "unsigned long", но вариативный аргумент "1" имеет тип "__int64"
      C:\Users\Любовь\source\repos\12 лаба\12 лаба\12 лаба.c(124,12):
      рекомендуется использовать "%llu" в строке форматирования
      C:\Users\Любовь\source\repos\12 лаба\12 лаба\12 лаба.c(124,12):
      рекомендуется использовать "%Iu" в строке форматирования
      C:\Users\Любовь\source\repos\12 лаба\12 лаба\12 лаба.c(124,12):
      рекомендуется использовать "%I64u" в строке форматирования
  
C:\Users\Любовь\source\repos\12 лаба\12 лаба\12 лаба.c(125,12): warning C4477: "printf": в строке форматирования "%lu" требуется аргумент типа "unsigned long", но вариативный аргумент "1" имеет тип "__int64"
      C:\Users\Любовь\source\repos\12 лаба\12 лаба\12 лаба.c(125,12):
      рекомендуется использовать "%llu" в строке форматирования
      C:\Users\Любовь\source\repos\12 лаба\12 лаба\12 лаба.c(125,12):
      рекомендуется использовать "%Iu" в строке форматирования
      C:\Users\Любовь\source\repos\12 лаба\12 лаба\12 лаба.c(125,12):
      рекомендуется использовать "%I64u" в строке форматирования
  
C:\Users\Любовь\source\repos\12 лаба\12 лаба\12 лаба.c(126,12): warning C4477: "printf": в строке форматирования "%lu" требуется аргумент типа "unsigned long", но вариативный аргумент "1" имеет тип "__int64"
      C:\Users\Любовь\source\repos\12 лаба\12 лаба\12 лаба.c(126,12):
      рекомендуется использовать "%llu" в строке форматирования
      C:\Users\Любовь\source\repos\12 лаба\12 лаба\12 лаба.c(126,12):
      рекомендуется использовать "%Iu" в строке форматирования
      C:\Users\Любовь\source\repos\12 лаба\12 лаба\12 лаба.c(126,12):
      рекомендуется использовать "%I64u" в строке форматирования
  
C:\Users\Любовь\source\repos\12 лаба\12 лаба\12 лаба.c(127,12): warning C4477: "printf": в строке форматирования "%lu" требуется аргумент типа "unsigned long", но вариативный аргумент "1" имеет тип "__int64"
      C:\Users\Любовь\source\repos\12 лаба\12 лаба\12 лаба.c(127,12):
      рекомендуется использовать "%llu" в строке форматирования
      C:\Users\Любовь\source\repos\12 лаба\12 лаба\12 лаба.c(127,12):
      рекомендуется использовать "%Iu" в строке форматирования
      C:\Users\Любовь\source\repos\12 лаба\12 лаба\12 лаба.c(127,12):
      рекомендуется использовать "%I64u" в строке форматирования
  
C:\Users\Любовь\source\repos\12 лаба\12 лаба\12 лаба.c(128,12): warning C4477: "printf": в строке форматирования "%lu" требуется аргумент типа "unsigned long", но вариативный аргумент "1" имеет тип "__int64"
      C:\Users\Любовь\source\repos\12 лаба\12 лаба\12 лаба.c(128,12):
      рекомендуется использовать "%llu" в строке форматирования
      C:\Users\Любовь\source\repos\12 лаба\12 лаба\12 лаба.c(128,12):
      рекомендуется использовать "%Iu" в строке форматирования
      C:\Users\Любовь\source\repos\12 лаба\12 лаба\12 лаба.c(128,12):
      рекомендуется использовать "%I64u" в строке форматирования
  
C:\Users\Любовь\source\repos\12 лаба\12 лаба\12 лаба.c(129,12): warning C4477: "printf": в строке форматирования "%lu" требуется аргумент типа "unsigned long", но вариативный аргумент "1" имеет тип "__int64"
      C:\Users\Любовь\source\repos\12 лаба\12 лаба\12 лаба.c(129,12):
      рекомендуется использовать "%llu" в строке форматирования
      C:\Users\Любовь\source\repos\12 лаба\12 лаба\12 лаба.c(129,12):
      рекомендуется использовать "%Iu" в строке форматирования
      C:\Users\Любовь\source\repos\12 лаба\12 лаба\12 лаба.c(129,12):
      рекомендуется использовать "%I64u" в строке форматирования
  
C:\Users\Любовь\source\repos\12 лаба\12 лаба\12 лаба.c(23,16): warning C4305: инициализация: усечение из "double" в "float"
C:\Users\Любовь\source\repos\12 лаба\12 лаба\12 лаба.c(65,25): warning C4305: инициализация: усечение из "double" в "float"
C:\Users\Любовь\source\repos\12 лаба\12 лаба\12 лаба.c(65,30): warning C4305: инициализация: усечение из "double" в "float"
C:\Users\Любовь\source\repos\12 лаба\12 лаба\12 лаба.c(65,35): warning C4305: инициализация: усечение из "double" в "float"
C:\Users\Любовь\source\repos\12 лаба\12 лаба\12 лаба.c(65,40): warning C4305: инициализация: усечение из "double" в "float"
C:\Users\Любовь\source\repos\12 лаба\12 лаба\12 лаба.c(65,50): warning C4305: инициализация: усечение из "double" в "float"
C:\Users\Любовь\source\repos\12 лаба\12 лаба\12 лаба.c(65,55): warning C4305: инициализация: усечение из "double" в "float"
C:\Users\Любовь\source\repos\12 лаба\12 лаба\12 лаба.c(65,60): warning C4305: инициализация: усечение из "double" в "float"
C:\Users\Любовь\source\repos\12 лаба\12 лаба\12 лаба.c(65,65): warning C4305: инициализация: усечение из "double" в "float"
C:\Users\Любовь\source\repos\12 лаба\12 лаба\12 лаба.c(65,70): warning C4305: инициализация: усечение из "double" в "float"
  12 лаба.vcxproj -> C:\Users\Любовь\source\repos\12 лаба\x64\Debug\12 лаба.exe
